
  [4;36;1mSQL (0.3ms)[0m   [0;1mSET SQL_AUTO_IS_NULL=0[0m


Processing ContentController#show (for 127.0.0.1 at 2010-05-13 01:28:40) [GET]
  Parameters: {"id"=>"142"}
  [4;35;1mContent Columns (2.0ms)[0m   [0mSHOW FIELDS FROM `content`[0m
  [4;36;1mContent Load (0.4ms)[0m   [0;1mSELECT * FROM `content` WHERE (`content`.`id` = 142) [0m
Rendering template within layouts/application
Rendering content/show
Completed in 84ms (View: 75, DB: 3) | 200 OK [http://localhost/142]


Processing ApplicationController#show (for 127.0.0.1 at 2010-05-13 01:28:40) [GET]
  Parameters: {"id"=>"142"}

ArgumentError (invalid byte sequence in UTF-8):
  <internal:prelude>:8:in `synchronize'
  /usr/local/lib/ruby/1.9.1/webrick/httpserver.rb:111:in `service'
  /usr/local/lib/ruby/1.9.1/webrick/httpserver.rb:70:in `run'
  /usr/local/lib/ruby/1.9.1/webrick/server.rb:183:in `block in start_thread'

Rendered rescues/_trace (49.3ms)
Rendered rescues/_request_and_response (1.4ms)
Rendering rescues/layout (internal_server_error)
  [4;35;1mSQL (0.2ms)[0m   [0mSET SQL_AUTO_IS_NULL=0[0m


Processing ContentController#show (for 127.0.0.1 at 2010-05-13 01:28:41) [GET]
  Parameters: {"id"=>"142"}
  [4;36;1mContent Columns (4.3ms)[0m   [0;1mSHOW FIELDS FROM `content`[0m
  [4;35;1mContent Load (2.2ms)[0m   [0mSELECT * FROM `content` WHERE (`content`.`id` = 142) [0m
Rendering template within layouts/application
Rendering content/show
Completed in 16ms (View: 5, DB: 7) | 200 OK [http://localhost/142]


Processing ApplicationController#show (for 127.0.0.1 at 2010-05-13 01:28:41) [GET]
  Parameters: {"id"=>"142"}

ArgumentError (invalid byte sequence in UTF-8):
  <internal:prelude>:8:in `synchronize'
  /usr/local/lib/ruby/1.9.1/webrick/httpserver.rb:111:in `service'
  /usr/local/lib/ruby/1.9.1/webrick/httpserver.rb:70:in `run'
  /usr/local/lib/ruby/1.9.1/webrick/server.rb:183:in `block in start_thread'

Rendered rescues/_trace (48.3ms)
Rendered rescues/_request_and_response (0.4ms)
Rendering rescues/layout (internal_server_error)
  [4;36;1mSQL (0.2ms)[0m   [0;1mSET SQL_AUTO_IS_NULL=0[0m


Processing ContentController#show (for 127.0.0.1 at 2010-05-13 01:29:18) [GET]
  Parameters: {"id"=>"142"}
  [4;35;1mContent Columns (4.9ms)[0m   [0mSHOW FIELDS FROM `content`[0m
  [4;36;1mContent Load (0.4ms)[0m   [0;1mSELECT * FROM `content` WHERE (`content`.`id` = 142) [0m
Rendering template within layouts/application
Rendering content/show
Completed in 15ms (View: 5, DB: 5) | 200 OK [http://localhost/142]


Processing ApplicationController#show (for 127.0.0.1 at 2010-05-13 01:29:18) [GET]
  Parameters: {"id"=>"142"}

ArgumentError (invalid byte sequence in UTF-8):
  <internal:prelude>:8:in `synchronize'
  /usr/local/lib/ruby/1.9.1/webrick/httpserver.rb:111:in `service'
  /usr/local/lib/ruby/1.9.1/webrick/httpserver.rb:70:in `run'
  /usr/local/lib/ruby/1.9.1/webrick/server.rb:183:in `block in start_thread'

Rendered rescues/_trace (91.5ms)
Rendered rescues/_request_and_response (0.3ms)
Rendering rescues/layout (internal_server_error)
  [4;35;1mSQL (0.2ms)[0m   [0mSET SQL_AUTO_IS_NULL=0[0m


Processing ContentController#show (for 127.0.0.1 at 2010-05-13 01:29:23) [GET]
  Parameters: {"id"=>"142"}
  [4;36;1mContent Columns (3.6ms)[0m   [0;1mSHOW FIELDS FROM `content`[0m
  [4;35;1mContent Load (0.3ms)[0m   [0mSELECT * FROM `content` WHERE (`content`.`id` = 142) [0m
Rendering template within layouts/application
Rendering content/show
Completed in 12ms (View: 4, DB: 4) | 200 OK [http://localhost/142]


Processing ApplicationController#show (for 127.0.0.1 at 2010-05-13 01:29:23) [GET]
  Parameters: {"id"=>"142"}

ArgumentError (invalid byte sequence in UTF-8):
  <internal:prelude>:8:in `synchronize'
  /usr/local/lib/ruby/1.9.1/webrick/httpserver.rb:111:in `service'
  /usr/local/lib/ruby/1.9.1/webrick/httpserver.rb:70:in `run'
  /usr/local/lib/ruby/1.9.1/webrick/server.rb:183:in `block in start_thread'

Rendered rescues/_trace (48.7ms)
Rendered rescues/_request_and_response (0.3ms)
Rendering rescues/layout (internal_server_error)
  [4;36;1mSQL (0.2ms)[0m   [0;1mSET SQL_AUTO_IS_NULL=0[0m


Processing ContentController#show (for 127.0.0.1 at 2010-05-13 01:29:36) [GET]
  Parameters: {"id"=>"142"}
  [4;35;1mContent Columns (3.3ms)[0m   [0mSHOW FIELDS FROM `content`[0m
  [4;36;1mContent Load (0.3ms)[0m   [0;1mSELECT * FROM `content` WHERE (`content`.`id` = 142) [0m
Rendering template within layouts/application
Rendering content/show
Completed in 12ms (View: 4, DB: 4) | 200 OK [http://localhost/142]


Processing ApplicationController#show (for 127.0.0.1 at 2010-05-13 01:29:36) [GET]
  Parameters: {"id"=>"142"}

ArgumentError (invalid byte sequence in UTF-8):
  <internal:prelude>:8:in `synchronize'
  /usr/local/lib/ruby/1.9.1/webrick/httpserver.rb:111:in `service'
  /usr/local/lib/ruby/1.9.1/webrick/httpserver.rb:70:in `run'
  /usr/local/lib/ruby/1.9.1/webrick/server.rb:183:in `block in start_thread'

Rendered rescues/_trace (46.9ms)
Rendered rescues/_request_and_response (0.3ms)
Rendering rescues/layout (internal_server_error)
  [4;35;1mSQL (0.2ms)[0m   [0mSET SQL_AUTO_IS_NULL=0[0m


Processing ContentController#show (for 127.0.0.1 at 2010-05-13 01:29:37) [GET]
  Parameters: {"id"=>"142"}
  [4;36;1mContent Columns (4.2ms)[0m   [0;1mSHOW FIELDS FROM `content`[0m
  [4;35;1mContent Load (0.8ms)[0m   [0mSELECT * FROM `content` WHERE (`content`.`id` = 142) [0m
Rendering template within layouts/application
Rendering content/show
Completed in 60ms (View: 49, DB: 5) | 200 OK [http://localhost/142]


Processing ApplicationController#show (for 127.0.0.1 at 2010-05-13 01:29:37) [GET]
  Parameters: {"id"=>"142"}

ArgumentError (invalid byte sequence in UTF-8):
  <internal:prelude>:8:in `synchronize'
  /usr/local/lib/ruby/1.9.1/webrick/httpserver.rb:111:in `service'
  /usr/local/lib/ruby/1.9.1/webrick/httpserver.rb:70:in `run'
  /usr/local/lib/ruby/1.9.1/webrick/server.rb:183:in `block in start_thread'

Rendered rescues/_trace (44.6ms)
Rendered rescues/_request_and_response (0.3ms)
Rendering rescues/layout (internal_server_error)
  [4;36;1mSQL (0.2ms)[0m   [0;1mSET SQL_AUTO_IS_NULL=0[0m


Processing ContentController#show (for 127.0.0.1 at 2010-05-13 01:29:59) [GET]
  Parameters: {"id"=>"142"}
  [4;35;1mContent Columns (4.5ms)[0m   [0mSHOW FIELDS FROM `content`[0m
  [4;36;1mContent Load (0.3ms)[0m   [0;1mSELECT * FROM `content` WHERE (`content`.`id` = 142) [0m
Rendering template within layouts/application
Rendering content/show
Completed in 61ms (View: 50, DB: 5) | 200 OK [http://localhost/142]


Processing ApplicationController#show (for 127.0.0.1 at 2010-05-13 01:29:59) [GET]
  Parameters: {"id"=>"142"}

ArgumentError (invalid byte sequence in UTF-8):
  <internal:prelude>:8:in `synchronize'
  /usr/local/lib/ruby/1.9.1/webrick/httpserver.rb:111:in `service'
  /usr/local/lib/ruby/1.9.1/webrick/httpserver.rb:70:in `run'
  /usr/local/lib/ruby/1.9.1/webrick/server.rb:183:in `block in start_thread'

Rendered rescues/_trace (47.3ms)
Rendered rescues/_request_and_response (1.3ms)
Rendering rescues/layout (internal_server_error)
  [4;35;1mSQL (0.2ms)[0m   [0mSET SQL_AUTO_IS_NULL=0[0m


Processing ContentController#show (for 127.0.0.1 at 2010-05-13 01:29:59) [GET]
  Parameters: {"id"=>"142"}
  [4;36;1mContent Columns (3.6ms)[0m   [0;1mSHOW FIELDS FROM `content`[0m
  [4;35;1mContent Load (0.3ms)[0m   [0mSELECT * FROM `content` WHERE (`content`.`id` = 142) [0m
Rendering template within layouts/application
Rendering content/show
Completed in 13ms (View: 5, DB: 4) | 200 OK [http://localhost/142]


Processing ApplicationController#show (for 127.0.0.1 at 2010-05-13 01:29:59) [GET]
  Parameters: {"id"=>"142"}

ArgumentError (invalid byte sequence in UTF-8):
  <internal:prelude>:8:in `synchronize'
  /usr/local/lib/ruby/1.9.1/webrick/httpserver.rb:111:in `service'
  /usr/local/lib/ruby/1.9.1/webrick/httpserver.rb:70:in `run'
  /usr/local/lib/ruby/1.9.1/webrick/server.rb:183:in `block in start_thread'

Rendered rescues/_trace (47.5ms)
Rendered rescues/_request_and_response (0.3ms)
Rendering rescues/layout (internal_server_error)
  [4;36;1mSQL (0.3ms)[0m   [0;1mSET SQL_AUTO_IS_NULL=0[0m


Processing ContentController#last (for 127.0.0.1 at 2010-05-13 01:30:02) [GET]
  [4;35;1mContent Load (0.4ms)[0m   [0mSELECT * FROM `content` ORDER BY content.id DESC LIMIT 1[0m
Rendering template within layouts/application
Rendering content/last
  [4;36;1mContent Columns (1.9ms)[0m   [0;1mSHOW FIELDS FROM `content`[0m
Completed in 227ms (View: 221, DB: 3) | 200 OK [http://localhost/]
  [4;35;1mSQL (0.2ms)[0m   [0mSET SQL_AUTO_IS_NULL=0[0m


Processing ContentController#show (for 127.0.0.1 at 2010-05-13 01:30:07) [GET]
  Parameters: {"id"=>"142"}
  [4;36;1mContent Columns (3.3ms)[0m   [0;1mSHOW FIELDS FROM `content`[0m
  [4;35;1mContent Load (0.3ms)[0m   [0mSELECT * FROM `content` WHERE (`content`.`id` = 142) [0m
Rendering template within layouts/application
Rendering content/show
Completed in 54ms (View: 4, DB: 4) | 200 OK [http://localhost/142]


Processing ApplicationController#show (for 127.0.0.1 at 2010-05-13 01:30:07) [GET]
  Parameters: {"id"=>"142"}

ArgumentError (invalid byte sequence in UTF-8):
  <internal:prelude>:8:in `synchronize'
  /usr/local/lib/ruby/1.9.1/webrick/httpserver.rb:111:in `service'
  /usr/local/lib/ruby/1.9.1/webrick/httpserver.rb:70:in `run'
  /usr/local/lib/ruby/1.9.1/webrick/server.rb:183:in `block in start_thread'

Rendered rescues/_trace (45.1ms)
Rendered rescues/_request_and_response (0.3ms)
Rendering rescues/layout (internal_server_error)
  [4;36;1mSQL (0.2ms)[0m   [0;1mSET SQL_AUTO_IS_NULL=0[0m


Processing ContentController#show (for 127.0.0.1 at 2010-05-13 01:32:31) [GET]
  Parameters: {"id"=>"142"}
  [4;35;1mContent Columns (3.3ms)[0m   [0mSHOW FIELDS FROM `content`[0m
  [4;36;1mContent Load (0.4ms)[0m   [0;1mSELECT * FROM `content` WHERE (`content`.`id` = 142) [0m
Rendering template within layouts/application
Rendering content/show
Completed in 19ms (View: 11, DB: 4) | 200 OK [http://localhost/142]
  [4;36;1mSQL (0.3ms)[0m   [0;1mSET SQL_AUTO_IS_NULL=0[0m


Processing ContentController#last (for 127.0.0.1 at 2010-05-13 18:50:41) [GET]
  [4;35;1mContent Load (10.6ms)[0m   [0mSELECT * FROM `content` ORDER BY content.id DESC LIMIT 1[0m
Rendering template within layouts/application
Rendering content/last
  [4;36;1mContent Columns (28.0ms)[0m   [0;1mSHOW FIELDS FROM `content`[0m
Completed in 182ms (View: 139, DB: 39) | 200 OK [http://localhost/]
  [4;35;1mSQL (0.1ms)[0m   [0mSET SQL_AUTO_IS_NULL=0[0m


Processing ContentController#show (for 127.0.0.1 at 2010-05-13 18:50:45) [GET]
  Parameters: {"id"=>"142"}
  [4;36;1mContent Columns (4.1ms)[0m   [0;1mSHOW FIELDS FROM `content`[0m
  [4;35;1mContent Load (0.3ms)[0m   [0mSELECT * FROM `content` WHERE (`content`.`id` = 142) [0m
Rendering template within layouts/application
Rendering content/show
Completed in 95ms (View: 86, DB: 5) | 200 OK [http://localhost/142]
